sg[3] = 4
sg[4] = 3
sg[7] = 8
sg[8] = 7
sg[11] = 12
sg[12] = 11
sg[15] = 16
sg[16] = 15
sg[19] = 20
sg[20] = 19
sg[23] = 24
sg[24] = 23
sg[27] = 28
sg[28] = 27
sg[31] = 32
sg[32] = 31
sg[35] = 36
sg[36] = 35
sg[39] = 40
sg[40] = 39
sg[43] = 44
sg[44] = 43
sg[47] = 48
sg[48] = 47
sg[51] = 52
sg[52] = 51
sg[55] = 56
sg[56] = 55
sg[59] = 60
sg[60] = 59
sg[63] = 64
sg[64] = 63
sg[67] = 68
sg[68] = 67
sg[71] = 72
sg[72] = 71
sg[75] = 76
sg[76] = 75
sg[79] = 80
sg[80] = 79
sg[83] = 84
sg[84] = 83
sg[87] = 88
sg[88] = 87
sg[91] = 92
sg[92] = 91
sg[95] = 96
sg[96] = 95
sg[99] = 100
sg[100] = 99
sg[103] = 104
sg[104] = 103
sg[107] = 108
sg[108] = 107
